<?xml version="1.0" encoding="UTF-8"?>
<!-- Generated by org.testng.reporters.JUnitXMLReporter -->
<testsuite hostname="LAPTOP-U0V467EB" failures="0" tests="4" name="Test" time="29.655" errors="0" timestamp="13 Jan 2021 12:12:05 GMT">
  <testcase classname="Academy.E2EProject.HomePage" name="pageNavigation" time="5.453"/>
  <testcase classname="Academy.E2EProject.HomePage" name="pageNavigation" time="2.487"/>
  <testcase classname="Academy.E2EProject.ValidateNavigation" name="pageNavigation" time="0.135"/>
  <testcase classname="Academy.E2EProject.ValidateTitle" name="pageNavigation" time="0.08"/>
</testsuite> <!-- Test -->
