<?xml version="1.0" encoding="UTF-8"?>
<!-- Generated by org.testng.reporters.JUnitXMLReporter -->
<testsuite hostname="LAPTOP-U0V467EB" ignored="0" name="Validate Title" tests="1" failures="0" timestamp="2021-01-28T10:15:05 GST" time="0.041" errors="0">
  <testcase name="@BeforeTest initialize" time="0.006" classname="Academy.E2EProject.ValidateTitle">
    <failure type="java.lang.NullPointerException">
      <![CDATA[java.lang.NullPointerException
at resources.base.initializeDriver(base.java:38)
at Academy.E2EProject.ValidateTitle.initialize(ValidateTitle.java:29)
at java.util.concurrent.FutureTask.run(Unknown Source)
at java.util.concurrent.ThreadPoolExecutor.runWorker(Unknown Source)
at java.util.concurrent.ThreadPoolExecutor$Worker.run(Unknown Source)
at java.lang.Thread.run(Unknown Source)
... Removed 15 stack frames]]>
    </failure>
  </testcase> <!-- @BeforeTest initialize -->
  <testcase name="@AfterTest teardown" time="-1.611814505277E9" classname="Academy.E2EProject.ValidateTitle">
    <skipped/>
  </testcase> <!-- @AfterTest teardown -->
  <testcase name="titleValidation" time="0.0" classname="Academy.E2EProject.ValidateTitle">
    <skipped/>
  </testcase> <!-- titleValidation -->
</testsuite> <!-- Validate Title -->
