<?xml version="1.0" encoding="UTF-8"?>
<!-- Generated by org.testng.reporters.JUnitXMLReporter -->
<testsuite ignored="0" hostname="LAPTOP-U0V467EB" failures="0" tests="4" name="Test" time="23.956" errors="0" timestamp="2021-01-14T13:28:42 GST">
  <testcase classname="Academy.E2EProject.HomePage" name="pageNavigation" time="4.375"/>
  <testcase classname="Academy.E2EProject.HomePage" name="pageNavigation" time="1.622"/>
  <testcase classname="Academy.E2EProject.ValidateNavigation" name="pageNavigation" time="0.058"/>
  <testcase classname="Academy.E2EProject.ValidateTitle" name="pageNavigation" time="0.029"/>
</testsuite> <!-- Test -->
