<?xml version="1.0" encoding="UTF-8"?>
<!-- Generated by org.testng.reporters.JUnitXMLReporter -->
<testsuite ignored="0" hostname="SIXUAE06" failures="1" tests="2" name="Validate Title" time="9.676" errors="0" timestamp="2021-02-15T14:52:35 GST">
  <testcase classname="Academy.E2EProject.ValidateTitle" name="headerValidation" time="0.056"/>
  <testcase classname="Academy.E2EProject.ValidateTitle" name="titleValidation" time="0.055">
    <failure type="org.junit.ComparisonFailure" message="expected:&amp;lt;F[eatured courses]&amp;gt; but was:&amp;lt;F[EATURED COURSES]&amp;gt;">
      <![CDATA[org.junit.ComparisonFailure: expected:<F[eatured courses]> but was:<F[EATURED COURSES]>
at org.junit.Assert.assertEquals(Assert.java:115)
at org.junit.Assert.assertEquals(Assert.java:144)
at Academy.E2EProject.ValidateTitle.titleValidation(ValidateTitle.java:23)
at java.base/java.util.ArrayList.forEach(ArrayList.java:1511)
... Removed 31 stack frames]]>
    </failure>
  </testcase> <!-- titleValidation -->
</testsuite> <!-- Validate Title -->
