-------------------------------------------------------------------------------
Test set: TestSuite
-------------------------------------------------------------------------------
Tests run: 7, Failures: 1, Errors: 0, Skipped: 0, Time elapsed: 54.746 s <<< FAILURE! - in TestSuite
titleValidation(Academy.E2EProject.ValidateTitle)  Time elapsed: 1.134 s  <<< FAILURE!
org.junit.ComparisonFailure: expected:<F[eatured courses]> but was:<F[EATURED COURSES]>
	at Academy.E2EProject.ValidateTitle.titleValidation(ValidateTitle.java:23)

