<?xml version="1.0" encoding="UTF-8"?>
<testsuite xmlns:xsi="http://www.w3.org/2001/XMLSchema-instance" xsi:noNamespaceSchemaLocation="https://maven.apache.org/surefire/maven-surefire-plugin/xsd/surefire-test-report-3.0.xsd" version="3.0" name="TestSuite" time="54.746" tests="7" errors="0" skipped="0" failures="1">
  <properties>
[...]
</properties>
  <testcase name="signInTest" classname="Academy.E2EProject.HomePage" time="4.294"/>
  <testcase name="signInTest" classname="Academy.E2EProject.HomePage" time="2.474"/>
  <testcase name="navigationValidation" classname="Academy.E2EProject.ValidateNavigation" time="0.102"/>
  <testcase name="headerValidation" classname="Academy.E2EProject.ValidateTitle" time="0.056"/>
  <testcase name="titleValidation" classname="Academy.E2EProject.ValidateTitle" time="1.134">
    <failure message="expected:&lt;F[eatured courses]&gt; but was:&lt;F[EATURED COURSES]&gt;" type="org.junit.ComparisonFailure"><![CDATA[org.junit.ComparisonFailure: expected:<F[eatured courses]> but was:<F[EATURED COURSES]>
	at Academy.E2EProject.ValidateTitle.titleValidation(ValidateTitle.java:23)
]]></failure>
  </testcase>
  <testcase name="runScenario" classname="cucumberOptions.TestRunner" time="9.679"/>
  <testcase name="runScenario" classname="cucumberOptions.TestRunner" time="11.1"/>
</testsuite>