<?xml version="1.0" encoding="UTF-8"?>
<testng-results ignored="0" total="7" passed="6" failed="1" skipped="0">
  <reporter-output>
  </reporter-output>
  <suite started-at="2021-02-15T14:52:05 GST" name="Suite" finished-at="2021-02-15T14:52:35 GST" duration-ms="30729">
    <groups>
    </groups>
    <test started-at="2021-02-15T14:52:05 GST" name="Home Page" finished-at="2021-02-15T14:52:18 GST" duration-ms="13335">
      <class name="Academy.E2EProject.HomePage">
        <test-method is-config="true" signature="initialize()[pri:0, instance:Academy.E2EProject.HomePage@749c877b]" started-at="2021-02-15T14:52:05 GST" name="initialize" finished-at="2021-02-15T14:52:10 GST" duration-ms="5736" status="PASS">
          <reporter-output>
          </reporter-output>
        </test-method> <!-- initialize -->
        <test-method signature="signInTest(java.lang.String, java.lang.String, java.lang.String)[pri:0, instance:Academy.E2EProject.HomePage@749c877b]" started-at="2021-02-15T14:52:10 GST" name="signInTest" data-provider="getData" finished-at="2021-02-15T14:52:15 GST" duration-ms="4292" status="PASS">
          <params>
            <param index="0">
              <value>
                <![CDATA[nonrestricteduser@qa.com]]>
              </value>
            </param>
            <param index="1">
              <value>
                <![CDATA[12345]]>
              </value>
            </param>
            <param index="2">
              <value>
                <![CDATA[Nonrestricted User]]>
              </value>
            </param>
          </params>
          <reporter-output>
          </reporter-output>
        </test-method> <!-- signInTest -->
        <test-method signature="signInTest(java.lang.String, java.lang.String, java.lang.String)[pri:0, instance:Academy.E2EProject.HomePage@749c877b]" started-at="2021-02-15T14:52:15 GST" name="signInTest" data-provider="getData" finished-at="2021-02-15T14:52:17 GST" duration-ms="2480" status="PASS">
          <params>
            <param index="0">
              <value>
                <![CDATA[restricteduser@qa.com]]>
              </value>
            </param>
            <param index="1">
              <value>
                <![CDATA[54321]]>
              </value>
            </param>
            <param index="2">
              <value>
                <![CDATA[Restricted User]]>
              </value>
            </param>
          </params>
          <reporter-output>
          </reporter-output>
        </test-method> <!-- signInTest -->
        <test-method is-config="true" signature="teardown()[pri:0, instance:Academy.E2EProject.HomePage@749c877b]" started-at="2021-02-15T14:52:17 GST" name="teardown" finished-at="2021-02-15T14:52:18 GST" duration-ms="757" status="PASS">
          <reporter-output>
          </reporter-output>
        </test-method> <!-- teardown -->
      </class> <!-- Academy.E2EProject.HomePage -->
    </test> <!-- Home Page -->
    <test started-at="2021-02-15T14:52:19 GST" name="Validate Navigation" finished-at="2021-02-15T14:52:26 GST" duration-ms="6394">
      <class name="Academy.E2EProject.ValidateNavigation">
        <test-method is-config="true" signature="initialize()[pri:0, instance:Academy.E2EProject.ValidateNavigation@654d8173]" started-at="2021-02-15T14:52:19 GST" name="initialize" finished-at="2021-02-15T14:52:25 GST" duration-ms="6195" status="PASS">
          <reporter-output>
          </reporter-output>
        </test-method> <!-- initialize -->
        <test-method signature="navigationValidation()[pri:0, instance:Academy.E2EProject.ValidateNavigation@654d8173]" started-at="2021-02-15T14:52:25 GST" name="navigationValidation" finished-at="2021-02-15T14:52:26 GST" duration-ms="103" status="PASS">
          <reporter-output>
          </reporter-output>
        </test-method> <!-- navigationValidation -->
        <test-method is-config="true" signature="teardown()[pri:0, instance:Academy.E2EProject.ValidateNavigation@654d8173]" started-at="2021-02-15T14:52:26 GST" name="teardown" finished-at="2021-02-15T14:52:26 GST" duration-ms="95" status="PASS">
          <reporter-output>
          </reporter-output>
        </test-method> <!-- teardown -->
      </class> <!-- Academy.E2EProject.ValidateNavigation -->
    </test> <!-- Validate Navigation -->
    <test started-at="2021-02-15T14:52:26 GST" name="App Test" finished-at="2021-02-15T14:52:26 GST" duration-ms="0">
    </test> <!-- App Test -->
    <test started-at="2021-02-15T14:52:26 GST" name="Validate Title" finished-at="2021-02-15T14:52:35 GST" duration-ms="9676">
      <class name="Academy.E2EProject.ValidateTitle">
        <test-method is-config="true" signature="initialize()[pri:0, instance:Academy.E2EProject.ValidateTitle@3c435123]" started-at="2021-02-15T14:52:26 GST" name="initialize" finished-at="2021-02-15T14:52:34 GST" duration-ms="8423" status="PASS">
          <reporter-output>
          </reporter-output>
        </test-method> <!-- initialize -->
        <test-method signature="headerValidation()[pri:0, instance:Academy.E2EProject.ValidateTitle@3c435123]" started-at="2021-02-15T14:52:34 GST" name="headerValidation" finished-at="2021-02-15T14:52:34 GST" duration-ms="56" status="PASS">
          <reporter-output>
          </reporter-output>
        </test-method> <!-- headerValidation -->
        <test-method signature="titleValidation()[pri:0, instance:Academy.E2EProject.ValidateTitle@3c435123]" started-at="2021-02-15T14:52:34 GST" name="titleValidation" finished-at="2021-02-15T14:52:34 GST" duration-ms="55" status="FAIL">
          <exception class="org.junit.ComparisonFailure">
            <message>
              <![CDATA[expected:<F[eatured courses]> but was:<F[EATURED COURSES]>]]>
            </message>
            <full-stacktrace>
              <![CDATA[org.junit.ComparisonFailure: expected:<F[eatured courses]> but was:<F[EATURED COURSES]>
at org.junit.Assert.assertEquals(Assert.java:115)
at org.junit.Assert.assertEquals(Assert.java:144)
at Academy.E2EProject.ValidateTitle.titleValidation(ValidateTitle.java:23)
at java.base/jdk.internal.reflect.NativeMethodAccessorImpl.invoke0(Native Method)
at java.base/jdk.internal.reflect.NativeMethodAccessorImpl.invoke(NativeMethodAccessorImpl.java:64)
at java.base/jdk.internal.reflect.DelegatingMethodAccessorImpl.invoke(DelegatingMethodAccessorImpl.java:43)
at java.base/java.lang.reflect.Method.invoke(Method.java:564)
at org.testng.internal.MethodInvocationHelper.invokeMethod(MethodInvocationHelper.java:132)
at org.testng.internal.TestInvoker.invokeMethod(TestInvoker.java:599)
at org.testng.internal.TestInvoker.invokeTestMethod(TestInvoker.java:174)
at org.testng.internal.MethodRunner.runInSequence(MethodRunner.java:46)
at org.testng.internal.TestInvoker$MethodInvocationAgent.invoke(TestInvoker.java:822)
at org.testng.internal.TestInvoker.invokeTestMethods(TestInvoker.java:147)
at org.testng.internal.TestMethodWorker.invokeTestMethods(TestMethodWorker.java:146)
at org.testng.internal.TestMethodWorker.run(TestMethodWorker.java:128)
at java.base/java.util.ArrayList.forEach(ArrayList.java:1511)
at org.testng.TestRunner.privateRun(TestRunner.java:764)
at org.testng.TestRunner.run(TestRunner.java:585)
at org.testng.SuiteRunner.runTest(SuiteRunner.java:384)
at org.testng.SuiteRunner.runSequentially(SuiteRunner.java:378)
at org.testng.SuiteRunner.privateRun(SuiteRunner.java:337)
at org.testng.SuiteRunner.run(SuiteRunner.java:286)
at org.testng.SuiteRunnerWorker.runSuite(SuiteRunnerWorker.java:53)
at org.testng.SuiteRunnerWorker.run(SuiteRunnerWorker.java:96)
at org.testng.TestNG.runSuitesSequentially(TestNG.java:1218)
at org.testng.TestNG.runSuitesLocally(TestNG.java:1140)
at org.testng.TestNG.runSuites(TestNG.java:1069)
at org.testng.TestNG.run(TestNG.java:1037)
at org.apache.maven.surefire.testng.TestNGExecutor.run(TestNGExecutor.java:283)
at org.apache.maven.surefire.testng.TestNGXmlTestSuite.execute(TestNGXmlTestSuite.java:75)
at org.apache.maven.surefire.testng.TestNGProvider.invoke(TestNGProvider.java:120)
at org.apache.maven.surefire.booter.ForkedBooter.invokeProviderInSameClassLoader(ForkedBooter.java:384)
at org.apache.maven.surefire.booter.ForkedBooter.runSuitesInProcess(ForkedBooter.java:345)
at org.apache.maven.surefire.booter.ForkedBooter.execute(ForkedBooter.java:126)
at org.apache.maven.surefire.booter.ForkedBooter.main(ForkedBooter.java:418)
]]>
            </full-stacktrace>
          </exception> <!-- org.junit.ComparisonFailure -->
          <reporter-output>
          </reporter-output>
        </test-method> <!-- titleValidation -->
        <test-method is-config="true" signature="teardown()[pri:0, instance:Academy.E2EProject.ValidateTitle@3c435123]" started-at="2021-02-15T14:52:35 GST" name="teardown" finished-at="2021-02-15T14:52:35 GST" duration-ms="60" status="PASS">
          <reporter-output>
          </reporter-output>
        </test-method> <!-- teardown -->
      </class> <!-- Academy.E2EProject.ValidateTitle -->
    </test> <!-- Validate Title -->
  </suite> <!-- Suite -->
  <suite started-at="2021-02-15T14:52:36 GST" name="Suite (0)" finished-at="2021-02-15T14:52:57 GST" duration-ms="21264">
    <groups>
      <group name="cucumber">
        <method signature="AbstractTestNGCucumberTests.runScenario(io.cucumber.testng.PickleWrapper, io.cucumber.testng.FeatureWrapper)[pri:0, instance:cucumberOptions.TestRunner@b968a76]" name="runScenario" class="io.cucumber.testng.AbstractTestNGCucumberTests"/>
      </group> <!-- cucumber -->
    </groups>
    <test started-at="2021-02-15T14:52:36 GST" name="Home Page" finished-at="2021-02-15T14:52:57 GST" duration-ms="21264">
      <class name="cucumberOptions.TestRunner">
        <test-method is-config="true" signature="setUpClass()[pri:0, instance:cucumberOptions.TestRunner@b968a76]" started-at="2021-02-15T14:52:36 GST" name="setUpClass" finished-at="2021-02-15T14:52:36 GST" duration-ms="513" status="PASS">
          <reporter-output>
          </reporter-output>
        </test-method> <!-- setUpClass -->
        <test-method signature="runScenario(io.cucumber.testng.PickleWrapper, io.cucumber.testng.FeatureWrapper)[pri:0, instance:cucumberOptions.TestRunner@b968a76]" started-at="2021-02-15T14:52:36 GST" name="runScenario" description="Runs Cucumber Scenarios" data-provider="scenarios" finished-at="2021-02-15T14:52:46 GST" duration-ms="9599" status="PASS">
          <params>
            <param index="0">
              <value>
                <![CDATA["Positive test validation login"]]>
              </value>
            </param>
            <param index="1">
              <value>
                <![CDATA["Optional[Login info Application]"]]>
              </value>
            </param>
          </params>
          <reporter-output>
          </reporter-output>
        </test-method> <!-- runScenario -->
        <test-method signature="runScenario(io.cucumber.testng.PickleWrapper, io.cucumber.testng.FeatureWrapper)[pri:0, instance:cucumberOptions.TestRunner@b968a76]" started-at="2021-02-15T14:52:46 GST" name="runScenario" description="Runs Cucumber Scenarios" data-provider="scenarios" finished-at="2021-02-15T14:52:57 GST" duration-ms="11127" status="PASS">
          <params>
            <param index="0">
              <value>
                <![CDATA["Positive test validation login"]]>
              </value>
            </param>
            <param index="1">
              <value>
                <![CDATA["Optional[Login info Application]"]]>
              </value>
            </param>
          </params>
          <reporter-output>
          </reporter-output>
        </test-method> <!-- runScenario -->
        <test-method is-config="true" signature="tearDownClass()[pri:0, instance:cucumberOptions.TestRunner@b968a76]" started-at="2021-02-15T14:52:57 GST" name="tearDownClass" finished-at="2021-02-15T14:52:57 GST" duration-ms="19" status="PASS">
          <reporter-output>
          </reporter-output>
        </test-method> <!-- tearDownClass -->
      </class> <!-- cucumberOptions.TestRunner -->
    </test> <!-- Home Page -->
  </suite> <!-- Suite (0) -->
</testng-results>
