<?xml version="1.0" encoding="UTF-8"?>
<testng-results skipped="0" failed="0" ignored="0" total="2" passed="2">
  <reporter-output>
  </reporter-output>
  <suite name="Suite" duration-ms="21784" started-at="2021-02-15T13:56:11 GST" finished-at="2021-02-15T13:56:33 GST">
    <groups>
      <group name="cucumber">
        <method signature="AbstractTestNGCucumberTests.runScenario(io.cucumber.testng.PickleWrapper, io.cucumber.testng.FeatureWrapper)[pri:0, instance:cucumberOptions.TestRunner@1ea9f6af]" name="runScenario" class="io.cucumber.testng.AbstractTestNGCucumberTests"/>
      </group> <!-- cucumber -->
    </groups>
    <test name="Home Page" duration-ms="21784" started-at="2021-02-15T13:56:11 GST" finished-at="2021-02-15T13:56:33 GST">
      <class name="cucumberOptions.TestRunner">
        <test-method status="PASS" signature="setUpClass()[pri:0, instance:cucumberOptions.TestRunner@1ea9f6af]" name="setUpClass" is-config="true" duration-ms="365" started-at="2021-02-15T13:56:11 GST" finished-at="2021-02-15T13:56:12 GST">
          <reporter-output>
          </reporter-output>
        </test-method> <!-- setUpClass -->
        <test-method status="PASS" signature="runScenario(io.cucumber.testng.PickleWrapper, io.cucumber.testng.FeatureWrapper)[pri:0, instance:cucumberOptions.TestRunner@1ea9f6af]" name="runScenario" duration-ms="10508" started-at="2021-02-15T13:56:12 GST" description="Runs Cucumber Scenarios" data-provider="scenarios" finished-at="2021-02-15T13:56:22 GST">
          <params>
            <param index="0">
              <value>
                <![CDATA["Positive test validation login"]]>
              </value>
            </param>
            <param index="1">
              <value>
                <![CDATA["Optional[Login info Application]"]]>
              </value>
            </param>
          </params>
          <reporter-output>
          </reporter-output>
        </test-method> <!-- runScenario -->
        <test-method status="PASS" signature="runScenario(io.cucumber.testng.PickleWrapper, io.cucumber.testng.FeatureWrapper)[pri:0, instance:cucumberOptions.TestRunner@1ea9f6af]" name="runScenario" duration-ms="10833" started-at="2021-02-15T13:56:22 GST" description="Runs Cucumber Scenarios" data-provider="scenarios" finished-at="2021-02-15T13:56:33 GST">
          <params>
            <param index="0">
              <value>
                <![CDATA["Positive test validation login"]]>
              </value>
            </param>
            <param index="1">
              <value>
                <![CDATA["Optional[Login info Application]"]]>
              </value>
            </param>
          </params>
          <reporter-output>
          </reporter-output>
        </test-method> <!-- runScenario -->
        <test-method status="PASS" signature="tearDownClass()[pri:0, instance:cucumberOptions.TestRunner@1ea9f6af]" name="tearDownClass" is-config="true" duration-ms="19" started-at="2021-02-15T13:56:33 GST" finished-at="2021-02-15T13:56:33 GST">
          <reporter-output>
          </reporter-output>
        </test-method> <!-- tearDownClass -->
      </class> <!-- cucumberOptions.TestRunner -->
    </test> <!-- Home Page -->
  </suite> <!-- Suite -->
</testng-results>
